{"/usr/src/app/src/App.js": {"path":"/usr/src/app/src/App.js","statementMap":{"0":{"start":{"line":10,"column":12},"end":{"line":27,"column":1}},"1":{"start":{"line":11,"column":2},"end":{"line":26,"column":11}}},"fnMap":{"0":{"name":"(anonymous_0)","decl":{"start":{"line":10,"column":12},"end":{"line":10,"column":13}},"loc":{"start":{"line":11,"column":2},"end":{"line":26,"column":11}},"line":11}},"branchMap":{},"s":{"0":1,"1":1},"f":{"0":1},"b":{},"_coverageSchema":"332fd63041d2c1bcb487cc26dd0d5f7d97098a6c","hash":"78f0c9cf177233fdc4ca427e353476d5f9fb63c0"}
,"/usr/src/app/src/index.js": {"path":"/usr/src/app/src/index.js","statementMap":{"0":{"start":{"line":1,"column":0},"end":{"line":null,"column":-1}},"1":{"start":{"line":2,"column":0},"end":{"line":null,"column":-1}},"2":{"start":{"line":3,"column":0},"end":{"line":null,"column":-1}},"3":{"start":{"line":4,"column":0},"end":{"line":null,"column":-1}},"4":{"start":{"line":6,"column":0},"end":{"line":null,"column":-1}}},"fnMap":{},"branchMap":{},"s":{"0":0,"1":0,"2":0,"3":0,"4":0},"f":{},"b":{}}
,"/usr/src/app/src/About/index.js": {"path":"/usr/src/app/src/About/index.js","statementMap":{"0":{"start":{"line":3,"column":14},"end":{"line":18,"column":1}},"1":{"start":{"line":4,"column":2},"end":{"line":17,"column":8}}},"fnMap":{"0":{"name":"(anonymous_0)","decl":{"start":{"line":3,"column":14},"end":{"line":3,"column":15}},"loc":{"start":{"line":4,"column":2},"end":{"line":17,"column":8}},"line":4}},"branchMap":{},"s":{"0":1,"1":0},"f":{"0":0},"b":{},"_coverageSchema":"332fd63041d2c1bcb487cc26dd0d5f7d97098a6c","hash":"06477c18057306ad236d5b6b57cafea98ce8c3b7"}
,"/usr/src/app/src/Home/index.js": {"path":"/usr/src/app/src/Home/index.js","statementMap":{"0":{"start":{"line":3,"column":13},"end":{"line":18,"column":1}},"1":{"start":{"line":4,"column":2},"end":{"line":17,"column":8}}},"fnMap":{"0":{"name":"(anonymous_0)","decl":{"start":{"line":3,"column":13},"end":{"line":3,"column":14}},"loc":{"start":{"line":4,"column":2},"end":{"line":17,"column":8}},"line":4}},"branchMap":{},"s":{"0":1,"1":1},"f":{"0":1},"b":{},"_coverageSchema":"332fd63041d2c1bcb487cc26dd0d5f7d97098a6c","hash":"ab79028f57e93dbcb81abfe16ab23032c7054068"}
,"/usr/src/app/src/NotFound/index.js": {"path":"/usr/src/app/src/NotFound/index.js","statementMap":{"0":{"start":{"line":3,"column":17},"end":{"line":18,"column":1}},"1":{"start":{"line":4,"column":2},"end":{"line":17,"column":8}}},"fnMap":{"0":{"name":"(anonymous_0)","decl":{"start":{"line":3,"column":17},"end":{"line":3,"column":18}},"loc":{"start":{"line":4,"column":2},"end":{"line":17,"column":8}},"line":4}},"branchMap":{},"s":{"0":1,"1":0},"f":{"0":0},"b":{},"_coverageSchema":"332fd63041d2c1bcb487cc26dd0d5f7d97098a6c","hash":"028410f491116fd418a605978b0ecd6a34390a64"}
}
